# JRE version: OpenJDK Runtime Environment (8.0_152-b01) (build 1.8.0_152-release-915-b01)
# Java VM: OpenJDK 64-Bit Server VM (25.152-b01 mixed mode linux-amd64 compressed oops)
Heap:
 PSYoungGen      total 225280K, used 224853K [0x00000000e0000000, 0x00000000ff080000, 0x0000000100000000)
  eden space 175104K, 100% used [0x00000000e0000000,0x00000000eab00000,0x00000000eab00000)
  from space 50176K, 99% used [0x00000000eab00000,0x00000000edb95798,0x00000000edc00000)
  to   space 162816K, 2% used [0x00000000f5180000,0x00000000f554c020,0x00000000ff080000)
 ParOldGen       total 1040896K, used 843855K [0x00000000a0000000, 0x00000000df880000, 0x00000000e0000000)
  object space 1040896K, 81% used [0x00000000a0000000,0x00000000d3813ea8,0x00000000df880000)
 Metaspace       used 123857K, capacity 134154K, committed 135896K, reserved 1167360K
  class space    used 15369K, capacity 18004K, committed 18432K, reserved 1048576K
GC Heap History (10 events):
Event: 7376.003 GC heap after
Heap after GC invocations=163 (full 15):
 PSYoungGen      total 349696K, used 49173K [0x00000000e0000000, 0x0000000100000000, 0x0000000100000000)
  eden space 175104K, 0% used [0x00000000e0000000,0x00000000e0000000,0x00000000eab00000)
  from space 174592K, 28% used [0x00000000f5580000,0x00000000f85855a8,0x0000000100000000)
  to   space 174592K, 0% used [0x00000000eab00000,0x00000000eab00000,0x00000000f5580000)
 ParOldGen       total 872448K, used 768789K [0x00000000a0000000, 0x00000000d5400000, 0x00000000e0000000)
  object space 872448K, 88% used [0x00000000a0000000,0x00000000ceec5598,0x00000000d5400000)
 Metaspace       used 122098K, capacity 133066K, committed 133208K, reserved 1165312K
  class space    used 15284K, capacity 18033K, committed 18048K, reserved 1048576K
}
Event: 7384.687 GC heap before
{Heap before GC invocations=164 (full 15):
 PSYoungGen      total 349696K, used 224277K [0x00000000e0000000, 0x0000000100000000, 0x0000000100000000)
  eden space 175104K, 100% used [0x00000000e0000000,0x00000000eab00000,0x00000000eab00000)
  from space 174592K, 28% used [0x00000000f5580000,0x00000000f85855a8,0x0000000100000000)
  to   space 174592K, 0% used [0x00000000eab00000,0x00000000eab00000,0x00000000f5580000)
 ParOldGen       total 872448K, used 768789K [0x00000000a0000000, 0x00000000d5400000, 0x00000000e0000000)
  object space 872448K, 88% used [0x00000000a0000000,0x00000000ceec5598,0x00000000d5400000)
 Metaspace       used 122353K, capacity 133444K, committed 133592K, reserved 1165312K
  class space    used 15313K, capacity 18116K, committed 18176K, reserved 1048576K
Event: 7384.729 GC heap after
Heap after GC invocations=164 (full 15):
 PSYoungGen      total 349696K, used 8694K [0x00000000e0000000, 0x0000000100000000, 0x0000000100000000)
  eden space 175104K, 0% used [0x00000000e0000000,0x00000000e0000000,0x00000000eab00000)
  from space 174592K, 4% used [0x00000000eab00000,0x00000000eb37da70,0x00000000f5580000)
  to   space 174592K, 0% used [0x00000000f5580000,0x00000000f5580000,0x0000000100000000)
 ParOldGen       total 872448K, used 813878K [0x00000000a0000000, 0x00000000d5400000, 0x00000000e0000000)
  object space 872448K, 93% used [0x00000000a0000000,0x00000000d1acd978,0x00000000d5400000)
 Metaspace       used 122353K, capacity 133444K, committed 133592K, reserved 1165312K
  class space    used 15313K, capacity 18116K, committed 18176K, reserved 1048576K
}
Event: 7384.729 GC heap before
{Heap before GC invocations=165 (full 16):
 PSYoungGen      total 349696K, used 8694K [0x00000000e0000000, 0x0000000100000000, 0x0000000100000000)
  eden space 175104K, 0% used [0x00000000e0000000,0x00000000e0000000,0x00000000eab00000)
  from space 174592K, 4% used [0x00000000eab00000,0x00000000eb37da70,0x00000000f5580000)
  to   space 174592K, 0% used [0x00000000f5580000,0x00000000f5580000,0x0000000100000000)
 ParOldGen       total 872448K, used 813878K [0x00000000a0000000, 0x00000000d5400000, 0x00000000e0000000)
  object space 872448K, 93% used [0x00000000a0000000,0x00000000d1acd978,0x00000000d5400000)
 Metaspace       used 122353K, capacity 133444K, committed 133592K, reserved 1165312K
  class space    used 15313K, capacity 18116K, committed 18176K, reserved 1048576K
Event: 7387.124 GC heap after
Heap after GC invocations=165 (full 16):
 PSYoungGen      total 349696K, used 0K [0x00000000e0000000, 0x0000000100000000, 0x0000000100000000)
  eden space 175104K, 0% used [0x00000000e0000000,0x00000000e0000000,0x00000000eab00000)
  from space 174592K, 0% used [0x00000000eab00000,0x00000000eab00000,0x00000000f5580000)
  to   space 174592K, 0% used [0x00000000f5580000,0x00000000f5580000,0x0000000100000000)
 ParOldGen       total 1040896K, used 773465K [0x00000000a0000000, 0x00000000df880000, 0x00000000e0000000)
  object space 1040896K, 74% used [0x00000000a0000000,0x00000000cf3566d0,0x00000000df880000)
 Metaspace       used 120338K, capacity 130416K, committed 133592K, reserved 1165312K
  class space    used 14936K, capacity 17476K, committed 18176K, reserved 1048576K
}
Event: 7387.656 GC heap before
{Heap before GC invocations=166 (full 16):
 PSYoungGen      total 349696K, used 175104K [0x00000000e0000000, 0x0000000100000000, 0x0000000100000000)
  eden space 175104K, 100% used [0x00000000e0000000,0x00000000eab00000,0x00000000eab00000)
  from space 174592K, 0% used [0x00000000eab00000,0x00000000eab00000,0x00000000f5580000)
  to   space 174592K, 0% used [0x00000000f5580000,0x00000000f5580000,0x0000000100000000)
 ParOldGen       total 1040896K, used 773465K [0x00000000a0000000, 0x00000000df880000, 0x00000000e0000000)
  object space 1040896K, 74% used [0x00000000a0000000,0x00000000cf3566d0,0x00000000df880000)
 Metaspace       used 123084K, capacity 133246K, committed 135128K, reserved 1167360K
  class space    used 15231K, capacity 17789K, committed 18176K, reserved 1048576K
Event: 7387.704 GC heap after
Heap after GC invocations=166 (full 16):
 PSYoungGen      total 344576K, used 78834K [0x00000000e0000000, 0x00000000ffb00000, 0x0000000100000000)
  eden space 175104K, 0% used [0x00000000e0000000,0x00000000e0000000,0x00000000eab00000)
  from space 169472K, 46% used [0x00000000f5580000,0x00000000fa27c8c8,0x00000000ffb00000)
  to   space 172032K, 0% used [0x00000000eab00000,0x00000000eab00000,0x00000000f5300000)
 ParOldGen       total 1040896K, used 773473K [0x00000000a0000000, 0x00000000df880000, 0x00000000e0000000)
  object space 1040896K, 74% used [0x00000000a0000000,0x00000000cf3586d0,0x00000000df880000)
 Metaspace       used 123084K, capacity 133246K, committed 135128K, reserved 1167360K
  class space    used 15231K, capacity 17789K, committed 18176K, reserved 1048576K
}
Event: 7388.270 GC heap before
{Heap before GC invocations=167 (full 16):
 PSYoungGen      total 344576K, used 253938K [0x00000000e0000000, 0x00000000ffb00000, 0x0000000100000000)
  eden space 175104K, 100% used [0x00000000e0000000,0x00000000eab00000,0x00000000eab00000)
  from space 169472K, 46% used [0x00000000f5580000,0x00000000fa27c8c8,0x00000000ffb00000)
  to   space 172032K, 0% used [0x00000000eab00000,0x00000000eab00000,0x00000000f5300000)
 ParOldGen       total 1040896K, used 773473K [0x00000000a0000000, 0x00000000df880000, 0x00000000e0000000)
  object space 1040896K, 74% used [0x00000000a0000000,0x00000000cf3586d0,0x00000000df880000)
 Metaspace       used 123633K, capacity 133782K, committed 135512K, reserved 1167360K
  class space    used 15341K, capacity 17921K, committed 18304K, reserved 1048576K
Event: 7388.349 GC heap after
Heap after GC invocations=167 (full 16):
 PSYoungGen      total 225280K, used 49749K [0x00000000e0000000, 0x00000000ff080000, 0x0000000100000000)
  eden space 175104K, 0% used [0x00000000e0000000,0x00000000e0000000,0x00000000eab00000)
  from space 50176K, 99% used [0x00000000eab00000,0x00000000edb95798,0x00000000edc00000)
  to   space 162816K, 0% used [0x00000000f5180000,0x00000000f5180000,0x00000000ff080000)
 ParOldGen       total 1040896K, used 843613K [0x00000000a0000000, 0x00000000df880000, 0x00000000e0000000)
  object space 1040896K, 81% used [0x00000000a0000000,0x00000000d37d75e8,0x00000000df880000)
 Metaspace       used 123633K, capacity 133782K, committed 135512K, reserved 1167360K
  class space    used 15341K, capacity 17921K, committed 18304K, reserved 1048576K
}
Event: 7713.315 GC heap before
{Heap before GC invocations=168 (full 16):
 PSYoungGen      total 225280K, used 224853K [0x00000000e0000000, 0x00000000ff080000, 0x0000000100000000)
  eden space 175104K, 100% used [0x00000000e0000000,0x00000000eab00000,0x00000000eab00000)
  from space 50176K, 99% used [0x00000000eab00000,0x00000000edb95798,0x00000000edc00000)
  to   space 162816K, 0% used [0x00000000f5180000,0x00000000f5180000,0x00000000ff080000)
 ParOldGen       total 1040896K, used 843613K [0x00000000a0000000, 0x00000000df880000, 0x00000000e0000000)
  object space 1040896K, 81% used [0x00000000a0000000,0x00000000d37d75e8,0x00000000df880000)
 Metaspace       used 123857K, capacity 134154K, committed 135896K, reserved 1167360K
  class space    used 15369K, capacity 18004K, committed 18432K, reserved 1048576K

